<?xml version="1.0" encoding="UTF-8"?>
<!-- Generated by org.testng.reporters.JUnitXMLReporter -->
<testsuite ignored="0" hostname="Manoj" failures="0" tests="4" name="Test" time="41.621" errors="0" timestamp="2022-09-21T10:57:54 IST">
  <testcase classname="PracticeTestCase.AddResturantTestCaseTest" name="AddResturant" time="15.101"/>
  <testcase classname="PracticeTestCase.PlaceTheOrder" name="UpdateTestCaseWithTestNG" time="1.344"/>
  <testcase classname="PracticeTestCase.CancelTheSelectedOrder" name="CancelTheSelectedOrder1" time="1.046"/>
  <testcase classname="PracticeTestCase.UserRegistrationTestCase" name="UserRegistrationTestCaseWithTestNG1" time="7.085"/>
</testsuite> <!-- Test -->
