<?xml version="1.0" encoding="UTF-8"?>
<testng-results ignored="0" total="1" passed="1" failed="0" skipped="0">
  <reporter-output>
  </reporter-output>
  <suite started-at="2022-09-21T11:44:45 IST" name="Default suite" finished-at="2022-09-21T11:44:45 IST" duration-ms="38">
    <groups>
    </groups>
    <test started-at="2022-09-21T11:44:45 IST" name="Default test" finished-at="2022-09-21T11:44:45 IST" duration-ms="38">
      <class name="PracticeTestCase.PracticeTest">
        <test-method signature="test()[pri:0, instance:PracticeTestCase.PracticeTest@21e360a]" started-at="2022-09-21T11:44:45 IST" name="test" finished-at="2022-09-21T11:44:45 IST" duration-ms="6" status="PASS">
          <reporter-output>
          </reporter-output>
        </test-method> <!-- test -->
      </class> <!-- PracticeTestCase.PracticeTest -->
    </test> <!-- Default test -->
  </suite> <!-- Default suite -->
</testng-results>
